<?xml version="1.0" encoding="UTF-8"?>
<coverage generated="1572460239346" clover="3.2.0">
  <project timestamp="1572460239346" name="All files">
    <metrics statements="40" coveredstatements="27" conditionals="14" coveredconditionals="5" methods="18" coveredmethods="12" elements="72" coveredelements="44" complexity="0" loc="40" ncloc="40" packages="2" files="5" classes="5"/>
    <package name="src">
      <metrics statements="19" coveredstatements="7" conditionals="8" coveredconditionals="0" methods="7" coveredmethods="2"/>
      <file name="App.js" path="/Users/jgoeglein/Development/hotel-engine-interview/web/src/App.js">
        <metrics statements="16" coveredstatements="7" conditionals="6" coveredconditionals="0" methods="7" coveredmethods="2"/>
        <line num="11" count="1" type="stmt"/>
        <line num="12" count="1" type="stmt"/>
        <line num="16" count="1" type="stmt"/>
        <line num="17" count="1" type="stmt"/>
        <line num="18" count="1" type="stmt"/>
        <line num="22" count="1" type="stmt"/>
        <line num="23" count="0" type="stmt"/>
        <line num="27" count="1" type="stmt"/>
        <line num="42" count="0" type="stmt"/>
        <line num="46" count="0" type="stmt"/>
        <line num="50" count="0" type="cond" truecount="0" falsecount="4"/>
        <line num="51" count="0" type="stmt"/>
        <line num="52" count="0" type="cond" truecount="0" falsecount="2"/>
        <line num="53" count="0" type="stmt"/>
        <line num="54" count="0" type="stmt"/>
        <line num="56" count="0" type="stmt"/>
      </file>
      <file name="index.js" path="/Users/jgoeglein/Development/hotel-engine-interview/web/src/index.js">
        <metrics statements="3" coveredstatements="0" conditionals="2" coveredconditionals="0" methods="0" coveredmethods="0"/>
        <line num="6" count="0" type="stmt"/>
        <line num="8" count="0" type="cond" truecount="0" falsecount="2"/>
        <line num="9" count="0" type="stmt"/>
      </file>
    </package>
    <package name="src.components">
      <metrics statements="21" coveredstatements="20" conditionals="6" coveredconditionals="5" methods="11" coveredmethods="10"/>
      <file name="SearchBar.js" path="/Users/jgoeglein/Development/hotel-engine-interview/web/src/components/SearchBar.js">
        <metrics statements="8" coveredstatements="7" conditionals="0" coveredconditionals="0" methods="4" coveredmethods="3"/>
        <line num="5" count="3" type="stmt"/>
        <line num="6" count="3" type="stmt"/>
        <line num="7" count="3" type="stmt"/>
        <line num="8" count="3" type="stmt"/>
        <line num="12" count="1" type="stmt"/>
        <line num="13" count="1" type="stmt"/>
        <line num="17" count="0" type="stmt"/>
        <line num="21" count="3" type="stmt"/>
      </file>
      <file name="SearchResult.js" path="/Users/jgoeglein/Development/hotel-engine-interview/web/src/components/SearchResult.js">
        <metrics statements="1" coveredstatements="1" conditionals="2" coveredconditionals="2" methods="1" coveredmethods="1"/>
        <line num="7" count="2" type="stmt"/>
      </file>
      <file name="SortBy.js" path="/Users/jgoeglein/Development/hotel-engine-interview/web/src/components/SortBy.js">
        <metrics statements="12" coveredstatements="12" conditionals="4" coveredconditionals="3" methods="6" coveredmethods="6"/>
        <line num="3" count="2" type="stmt"/>
        <line num="7" count="4" type="stmt"/>
        <line num="8" count="4" type="cond" truecount="2" falsecount="0"/>
        <line num="9" count="4" type="stmt"/>
        <line num="13" count="4" type="stmt"/>
        <line num="17" count="6" type="stmt"/>
        <line num="21" count="1" type="stmt"/>
        <line num="25" count="1" type="cond" truecount="1" falsecount="1"/>
        <line num="26" count="1" type="stmt"/>
        <line num="31" count="5" type="stmt"/>
        <line num="32" count="10" type="stmt"/>
        <line num="37" count="5" type="stmt"/>
      </file>
    </package>
  </project>
</coverage>
