{"/Users/jgoeglein/Development/hotel-engine-interview/web/src/App.js": {"path":"/Users/jgoeglein/Development/hotel-engine-interview/web/src/App.js","statementMap":{"0":{"start":{"line":11,"column":4},"end":{"line":11,"column":17}},"1":{"start":{"line":12,"column":4},"end":{"line":15,"column":6}},"2":{"start":{"line":16,"column":4},"end":{"line":16,"column":53}},"3":{"start":{"line":17,"column":4},"end":{"line":17,"column":49}},"4":{"start":{"line":18,"column":4},"end":{"line":18,"column":53}},"5":{"start":{"line":22,"column":26},"end":{"line":26,"column":6}},"6":{"start":{"line":23,"column":6},"end":{"line":25,"column":11}},"7":{"start":{"line":27,"column":4},"end":{"line":38,"column":10}},"8":{"start":{"line":42,"column":4},"end":{"line":42,"column":65}},"9":{"start":{"line":46,"column":4},"end":{"line":46,"column":57}},"10":{"start":{"line":50,"column":4},"end":{"line":58,"column":5}},"11":{"start":{"line":51,"column":6},"end":{"line":57,"column":9}},"12":{"start":{"line":52,"column":8},"end":{"line":55,"column":9}},"13":{"start":{"line":53,"column":10},"end":{"line":53,"column":29}},"14":{"start":{"line":54,"column":10},"end":{"line":54,"column":17}},"15":{"start":{"line":56,"column":8},"end":{"line":56,"column":65}}},"fnMap":{"0":{"name":"(anonymous_0)","decl":{"start":{"line":10,"column":2},"end":{"line":10,"column":3}},"loc":{"start":{"line":10,"column":21},"end":{"line":19,"column":3}},"line":10},"1":{"name":"(anonymous_1)","decl":{"start":{"line":21,"column":2},"end":{"line":21,"column":3}},"loc":{"start":{"line":21,"column":11},"end":{"line":39,"column":3}},"line":21},"2":{"name":"(anonymous_2)","decl":{"start":{"line":22,"column":55},"end":{"line":22,"column":56}},"loc":{"start":{"line":23,"column":6},"end":{"line":25,"column":11}},"line":23},"3":{"name":"(anonymous_3)","decl":{"start":{"line":41,"column":2},"end":{"line":41,"column":3}},"loc":{"start":{"line":41,"column":27},"end":{"line":43,"column":3}},"line":41},"4":{"name":"(anonymous_4)","decl":{"start":{"line":45,"column":2},"end":{"line":45,"column":3}},"loc":{"start":{"line":45,"column":21},"end":{"line":47,"column":3}},"line":45},"5":{"name":"(anonymous_5)","decl":{"start":{"line":49,"column":2},"end":{"line":49,"column":3}},"loc":{"start":{"line":49,"column":17},"end":{"line":59,"column":3}},"line":49},"6":{"name":"(anonymous_6)","decl":{"start":{"line":51,"column":121},"end":{"line":51,"column":122}},"loc":{"start":{"line":51,"column":141},"end":{"line":57,"column":7}},"line":51}},"branchMap":{"0":{"loc":{"start":{"line":50,"column":4},"end":{"line":58,"column":5}},"type":"if","locations":[{"start":{"line":50,"column":4},"end":{"line":58,"column":5}},{"start":{"line":50,"column":4},"end":{"line":58,"column":5}}],"line":50},"1":{"loc":{"start":{"line":50,"column":8},"end":{"line":50,"column":65}},"type":"binary-expr","locations":[{"start":{"line":50,"column":8},"end":{"line":50,"column":29}},{"start":{"line":50,"column":33},"end":{"line":50,"column":65}}],"line":50},"2":{"loc":{"start":{"line":52,"column":8},"end":{"line":55,"column":9}},"type":"if","locations":[{"start":{"line":52,"column":8},"end":{"line":55,"column":9}},{"start":{"line":52,"column":8},"end":{"line":55,"column":9}}],"line":52}},"s":{"0":1,"1":1,"2":1,"3":1,"4":1,"5":1,"6":0,"7":1,"8":0,"9":0,"10":0,"11":0,"12":0,"13":0,"14":0,"15":0},"f":{"0":1,"1":1,"2":0,"3":0,"4":0,"5":0,"6":0},"b":{"0":[0,0],"1":[0,0],"2":[0,0]},"_coverageSchema":"43e27e138ebf9cfc5966b082cf9a028302ed4184","hash":"c74e7be739472ee541f45d7d2805ab5ea02b52a7"}
,"/Users/jgoeglein/Development/hotel-engine-interview/web/src/index.js": {"path":"/Users/jgoeglein/Development/hotel-engine-interview/web/src/index.js","statementMap":{"0":{"start":{"line":6,"column":0},"end":{"line":6,"column":58}},"1":{"start":{"line":8,"column":0},"end":{"line":10,"column":1}},"2":{"start":{"line":9,"column":4},"end":{"line":9,"column":24}}},"fnMap":{},"branchMap":{"0":{"loc":{"start":{"line":8,"column":0},"end":{"line":10,"column":1}},"type":"if","locations":[{"start":{"line":8,"column":0},"end":{"line":10,"column":1}},{"start":{"line":8,"column":0},"end":{"line":10,"column":1}}],"line":8}},"s":{"0":0,"1":0,"2":0},"f":{},"b":{"0":[0,0]},"hash":"672ee94022426d3232311d6c8a7326508f572d7a"}
,"/Users/jgoeglein/Development/hotel-engine-interview/web/src/components/SearchBar.js": {"path":"/Users/jgoeglein/Development/hotel-engine-interview/web/src/components/SearchBar.js","statementMap":{"0":{"start":{"line":5,"column":8},"end":{"line":5,"column":21}},"1":{"start":{"line":6,"column":8},"end":{"line":6,"column":35}},"2":{"start":{"line":7,"column":8},"end":{"line":7,"column":57}},"3":{"start":{"line":8,"column":8},"end":{"line":8,"column":57}},"4":{"start":{"line":12,"column":8},"end":{"line":12,"column":50}},"5":{"start":{"line":13,"column":8},"end":{"line":13,"column":31}},"6":{"start":{"line":17,"column":8},"end":{"line":17,"column":51}},"7":{"start":{"line":21,"column":8},"end":{"line":28,"column":15}}},"fnMap":{"0":{"name":"(anonymous_0)","decl":{"start":{"line":4,"column":4},"end":{"line":4,"column":5}},"loc":{"start":{"line":4,"column":23},"end":{"line":9,"column":5}},"line":4},"1":{"name":"(anonymous_1)","decl":{"start":{"line":11,"column":4},"end":{"line":11,"column":5}},"loc":{"start":{"line":11,"column":24},"end":{"line":14,"column":5}},"line":11},"2":{"name":"(anonymous_2)","decl":{"start":{"line":16,"column":4},"end":{"line":16,"column":5}},"loc":{"start":{"line":16,"column":24},"end":{"line":18,"column":5}},"line":16},"3":{"name":"(anonymous_3)","decl":{"start":{"line":20,"column":4},"end":{"line":20,"column":5}},"loc":{"start":{"line":20,"column":13},"end":{"line":29,"column":5}},"line":20}},"branchMap":{},"s":{"0":3,"1":3,"2":3,"3":3,"4":1,"5":1,"6":0,"7":3},"f":{"0":3,"1":1,"2":0,"3":3},"b":{},"_coverageSchema":"43e27e138ebf9cfc5966b082cf9a028302ed4184","hash":"1f6eb86ff3a5e1fa1d90f9074397546ad87aa3a8"}
,"/Users/jgoeglein/Development/hotel-engine-interview/web/src/components/SearchResult.js": {"path":"/Users/jgoeglein/Development/hotel-engine-interview/web/src/components/SearchResult.js","statementMap":{"0":{"start":{"line":7,"column":8},"end":{"line":14,"column":14}}},"fnMap":{"0":{"name":"(anonymous_0)","decl":{"start":{"line":6,"column":4},"end":{"line":6,"column":5}},"loc":{"start":{"line":6,"column":13},"end":{"line":15,"column":5}},"line":6}},"branchMap":{"0":{"loc":{"start":{"line":12,"column":49},"end":{"line":12,"column":94}},"type":"binary-expr","locations":[{"start":{"line":12,"column":49},"end":{"line":12,"column":75}},{"start":{"line":12,"column":79},"end":{"line":12,"column":94}}],"line":12}},"s":{"0":2},"f":{"0":2},"b":{"0":[2,1]},"_coverageSchema":"43e27e138ebf9cfc5966b082cf9a028302ed4184","hash":"4f3e33aa958ea2dc2c83b13f92b327207443e27f"}
,"/Users/jgoeglein/Development/hotel-engine-interview/web/src/components/SortBy.js": {"path":"/Users/jgoeglein/Development/hotel-engine-interview/web/src/components/SortBy.js","statementMap":{"0":{"start":{"line":3,"column":28},"end":{"line":3,"column":66}},"1":{"start":{"line":7,"column":8},"end":{"line":7,"column":21}},"2":{"start":{"line":8,"column":30},"end":{"line":8,"column":68}},"3":{"start":{"line":9,"column":8},"end":{"line":12,"column":10}},"4":{"start":{"line":13,"column":8},"end":{"line":13,"column":57}},"5":{"start":{"line":17,"column":8},"end":{"line":17,"column":86}},"6":{"start":{"line":17,"column":57},"end":{"line":17,"column":84}},"7":{"start":{"line":21,"column":8},"end":{"line":24,"column":11}},"8":{"start":{"line":25,"column":8},"end":{"line":27,"column":9}},"9":{"start":{"line":26,"column":12},"end":{"line":26,"column":56}},"10":{"start":{"line":31,"column":23},"end":{"line":36,"column":9}},"11":{"start":{"line":32,"column":12},"end":{"line":35,"column":20}},"12":{"start":{"line":37,"column":8},"end":{"line":41,"column":14}}},"fnMap":{"0":{"name":"(anonymous_0)","decl":{"start":{"line":6,"column":4},"end":{"line":6,"column":5}},"loc":{"start":{"line":6,"column":23},"end":{"line":14,"column":5}},"line":6},"1":{"name":"(anonymous_1)","decl":{"start":{"line":16,"column":4},"end":{"line":16,"column":5}},"loc":{"start":{"line":16,"column":32},"end":{"line":18,"column":5}},"line":16},"2":{"name":"(anonymous_2)","decl":{"start":{"line":17,"column":50},"end":{"line":17,"column":51}},"loc":{"start":{"line":17,"column":57},"end":{"line":17,"column":84}},"line":17},"3":{"name":"(anonymous_3)","decl":{"start":{"line":20,"column":4},"end":{"line":20,"column":5}},"loc":{"start":{"line":20,"column":24},"end":{"line":28,"column":5}},"line":20},"4":{"name":"(anonymous_4)","decl":{"start":{"line":30,"column":4},"end":{"line":30,"column":5}},"loc":{"start":{"line":30,"column":13},"end":{"line":42,"column":5}},"line":30},"5":{"name":"(anonymous_5)","decl":{"start":{"line":31,"column":57},"end":{"line":31,"column":58}},"loc":{"start":{"line":32,"column":12},"end":{"line":35,"column":20}},"line":32}},"branchMap":{"0":{"loc":{"start":{"line":8,"column":30},"end":{"line":8,"column":68}},"type":"binary-expr","locations":[{"start":{"line":8,"column":30},"end":{"line":8,"column":42}},{"start":{"line":8,"column":46},"end":{"line":8,"column":68}}],"line":8},"1":{"loc":{"start":{"line":25,"column":8},"end":{"line":27,"column":9}},"type":"if","locations":[{"start":{"line":25,"column":8},"end":{"line":27,"column":9}},{"start":{"line":25,"column":8},"end":{"line":27,"column":9}}],"line":25}},"s":{"0":2,"1":4,"2":4,"3":4,"4":4,"5":5,"6":6,"7":1,"8":1,"9":1,"10":5,"11":10,"12":5},"f":{"0":4,"1":5,"2":6,"3":1,"4":5,"5":10},"b":{"0":[4,4],"1":[1,0]},"_coverageSchema":"43e27e138ebf9cfc5966b082cf9a028302ed4184","hash":"673dde5451a0fc7c8be07d940b0291a222fa6286"}
}
